{
  "RSpec": {
    "coverage": {
      "/root/Desktop/Coding/pbl/spec/controllers/admin_controller_spec.rb": [
        1,
        null,
        1,
        1,
        1,
        1,
        1,
        null,
        null,
        null,
        1,
        1,
        1,
        1,
        null,
        null,
        1,
        1,
        1,
        null,
        null,
        1,
        null,
        null,
        null,
        1,
        1,
        1,
        1,
        null,
        null,
        null,
        1,
        1,
        1,
        1,
        null,
        null,
        null
      ],
      "/root/Desktop/Coding/pbl/spec/rails_helper.rb": [
        null,
        1,
        1,
        1,
        null,
        1,
        1,
        null,
        null,
        null,
        null,
        null,
        null,
        null,
        null,
        null,
        null,
        null,
        null,
        null,
        null,
        null,
        null,
        null,
        null,
        null,
        1,
        null,
        1,
        null,
        1,
        null,
        null,
        null,
        null,
        1,
        null,
        null,
        null,
        null,
        null,
        null,
        null,
        null,
        null,
        null,
        null,
        null,
        null,
        null,
        1,
        null,
        null,
        1,
        null,
        null,
        null
      ],
      "/root/Desktop/Coding/pbl/config/environment.rb": [
        null,
        1,
        null,
        null,
        1
      ],
      "/root/Desktop/Coding/pbl/config/application.rb": [
        1,
        null,
        1,
        null,
        null,
        null,
        1,
        null,
        1,
        1,
        null,
        1,
        null,
        null,
        null,
        null,
        null,
        null
      ],
      "/root/Desktop/Coding/pbl/config/boot.rb": [
        1,
        null,
        1
      ],
      "/root/Desktop/Coding/pbl/config/environments/test.rb": [
        1,
        null,
        null,
        null,
        null,
        null,
        null,
        1,
        null,
        null,
        null,
        null,
        1,
        null,
        null,
        1,
        1,
        null,
        null,
        null,
        null,
        1,
        1,
        null,
        null,
        1,
        null,
        null,
        1,
        1,
        null,
        null,
        null,
        null,
        1,
        null,
        null,
        1,
        null,
        null,
        null,
        null
      ],
      "/root/Desktop/Coding/pbl/config/initializers/application_controller_renderer.rb": [
        null,
        null,
        null,
        null,
        null,
        null,
        null,
        null
      ],
      "/root/Desktop/Coding/pbl/config/initializers/assets.rb": [
        null,
        null,
        null,
        1,
        null,
        null,
        null,
        null,
        1,
        null,
        null,
        null,
        null,
        null
      ],
      "/root/Desktop/Coding/pbl/config/initializers/backtrace_silencers.rb": [
        null,
        null,
        null,
        null,
        null,
        null,
        null
      ],
      "/root/Desktop/Coding/pbl/config/initializers/cookies_serializer.rb": [
        null,
        null,
        null,
        null,
        1
      ],
      "/root/Desktop/Coding/pbl/config/initializers/filter_parameter_logging.rb": [
        null,
        null,
        null,
        1
      ],
      "/root/Desktop/Coding/pbl/config/initializers/inflections.rb": [
        null,
        null,
        null,
        null,
        null,
        null,
        null,
        null,
        null,
        null,
        null,
        null,
        null,
        null,
        null,
        null
      ],
      "/root/Desktop/Coding/pbl/config/initializers/mime_types.rb": [
        null,
        null,
        null,
        null
      ],
      "/root/Desktop/Coding/pbl/config/initializers/setup_sms_gateway.rb": [
        1,
        null,
        null,
        1
      ],
      "/root/Desktop/Coding/pbl/config/initializers/wrap_parameters.rb": [
        null,
        null,
        null,
        null,
        null,
        null,
        1,
        2,
        null,
        null,
        null,
        null,
        null,
        null
      ],
      "/root/Desktop/Coding/pbl/config/routes.rb": [
        1,
        null,
        1,
        null,
        1,
        null,
        1,
        1,
        1,
        1,
        1,
        1,
        1,
        1,
        1,
        1,
        1,
        1,
        1,
        1,
        null,
        1,
        1,
        1,
        1,
        1,
        1,
        1,
        1,
        1,
        1,
        1,
        1,
        1,
        1,
        1,
        null,
        1,
        1,
        1,
        1,
        1,
        1,
        1,
        1,
        null,
        1,
        1,
        1,
        1,
        1,
        1,
        1,
        1,
        1,
        1,
        1,
        1,
        null,
        null,
        1,
        1,
        1,
        1,
        1,
        1,
        1,
        1,
        1,
        null,
        1,
        1,
        1,
        1,
        1,
        1,
        1,
        1,
        null,
        null
      ],
      "/root/Desktop/Coding/pbl/app/helpers/admin_helper.rb": [
        1,
        null
      ],
      "/root/Desktop/Coding/pbl/app/helpers/application_helper.rb": [
        1,
        null
      ],
      "/root/Desktop/Coding/pbl/app/helpers/comment_helper.rb": [
        1,
        null
      ],
      "/root/Desktop/Coding/pbl/app/helpers/forums_helper.rb": [
        1,
        1,
        null,
        null,
        0,
        0,
        null,
        null
      ],
      "/root/Desktop/Coding/pbl/app/helpers/guru_helper.rb": [
        1,
        null
      ],
      "/root/Desktop/Coding/pbl/app/helpers/home_helper.rb": [
        1,
        null
      ],
      "/root/Desktop/Coding/pbl/app/helpers/santri_helper.rb": [
        1,
        1,
        0,
        null,
        null
      ],
      "/root/Desktop/Coding/pbl/app/controllers/admin_controller.rb": [
        1,
        1,
        1,
        null,
        1,
        2,
        2,
        2,
        2,
        null,
        0,
        null,
        null,
        1,
        0,
        0,
        null,
        1,
        3,
        3,
        3,
        null,
        1,
        0,
        0,
        null,
        1,
        1,
        1,
        null,
        1,
        1,
        null,
        1,
        0,
        0,
        0,
        null,
        0,
        null,
        null,
        null
      ],
      "/root/Desktop/Coding/pbl/app/controllers/application_controller.rb": [
        1,
        1,
        null,
        1,
        1,
        9,
        null,
        1,
        7,
        null,
        1,
        7,
        2,
        2,
        null,
        null,
        null,
        1,
        1,
        0,
        null,
        1,
        0,
        null,
        1,
        0,
        0,
        0,
        null,
        null,
        null,
        1,
        1,
        0,
        null,
        1,
        0,
        null,
        1,
        0,
        0,
        0,
        null,
        null,
        null,
        1,
        1,
        0,
        null,
        1,
        0,
        null,
        1,
        0,
        0,
        0,
        null,
        null,
        null,
        1,
        1,
        0,
        0,
        0,
        0,
        null,
        1,
        0,
        null,
        null,
        1,
        1,
        0,
        0,
        0,
        null,
        0,
        null,
        null
      ],
      "/root/Desktop/Coding/pbl/spec/controllers/comment_controller_spec.rb": [
        1,
        null,
        1,
        null,
        null
      ],
      "/root/Desktop/Coding/pbl/app/controllers/comment_controller.rb": [
        1,
        1,
        0,
        0,
        0,
        0,
        null,
        null,
        null
      ],
      "/root/Desktop/Coding/pbl/spec/controllers/guru_controller_spec.rb": [
        1,
        null,
        1,
        1,
        1,
        1,
        null,
        1,
        1,
        1,
        null,
        null,
        1,
        1,
        1,
        1,
        1,
        1,
        1,
        1,
        1,
        1,
        1,
        1,
        null,
        null,
        1,
        1,
        1,
        1,
        1,
        1,
        1,
        1,
        1,
        1,
        1,
        1,
        1,
        1,
        1,
        1,
        null,
        null,
        null
      ],
      "/root/Desktop/Coding/pbl/app/controllers/guru_controller.rb": [
        1,
        1,
        1,
        null,
        1,
        null,
        1,
        null,
        1,
        0,
        null,
        1,
        0,
        0,
        0,
        0,
        null,
        1,
        0,
        0,
        0,
        0,
        null,
        0,
        0,
        null,
        null,
        1,
        0,
        0,
        null,
        1,
        0,
        0,
        0,
        0,
        null,
        0,
        0,
        null,
        null,
        1,
        1,
        1,
        1,
        null,
        1,
        0,
        0,
        0,
        0,
        null,
        0,
        0,
        null,
        null,
        1,
        0,
        0,
        0,
        null,
        0,
        0,
        null,
        null,
        1,
        0,
        0,
        0,
        null,
        0,
        0,
        null,
        null,
        1,
        0,
        0,
        0,
        null,
        0,
        0,
        null,
        null,
        1,
        0,
        0,
        0,
        0,
        null,
        0,
        null,
        null,
        1,
        1,
        0,
        null,
        1,
        0,
        null,
        1,
        0,
        null,
        null
      ],
      "/root/Desktop/Coding/pbl/spec/helpers/comment_helper_spec.rb": [
        1,
        null,
        null,
        null,
        null,
        null,
        null,
        null,
        null,
        null,
        null,
        null,
        1,
        null
      ],
      "/root/Desktop/Coding/pbl/spec/models/comment_spec.rb": [
        1,
        null,
        1,
        null
      ],
      "/root/Desktop/Coding/pbl/app/models/comment.rb": [
        1,
        1,
        null
      ],
      "/root/Desktop/Coding/pbl/app/models/application_record.rb": [
        1,
        1,
        null
      ],
      "/root/Desktop/Coding/pbl/spec/models/forum_spec.rb": [
        1,
        null,
        1,
        null
      ],
      "/root/Desktop/Coding/pbl/app/models/forum.rb": [
        1,
        null,
        1,
        1,
        0,
        null,
        null
      ],
      "/root/Desktop/Coding/pbl/spec/models/guru_spec.rb": [
        1,
        null,
        1,
        1,
        1,
        1,
        1,
        null,
        1,
        1,
        1,
        null,
        1,
        1,
        1,
        null,
        null,
        null
      ],
      "/root/Desktop/Coding/pbl/app/models/guru.rb": [
        1,
        1,
        1,
        null
      ],
      "/root/Desktop/Coding/pbl/spec/models/issue_spec.rb": [
        1,
        null,
        1,
        null
      ],
      "/root/Desktop/Coding/pbl/app/models/issue.rb": [
        1,
        1,
        null
      ],
      "/root/Desktop/Coding/pbl/spec/models/tahunajaran_spec.rb": [
        1,
        null,
        1,
        null
      ],
      "/root/Desktop/Coding/pbl/app/models/tahunajaran.rb": [
        1,
        null
      ],
      "/root/Desktop/Coding/pbl/spec/views/comment/create.html.erb_spec.rb": [
        1,
        null,
        1,
        null
      ],
      "/root/Desktop/Coding/pbl/app/models/santri.rb": [
        1,
        1,
        null
      ],
      "/root/Desktop/Coding/pbl/app/models/pengasuhan.rb": [
        1,
        1,
        null
      ],
      "/root/Desktop/Coding/pbl/app/models/admin.rb": [
        1,
        1,
        null
      ]
    },
    "timestamp": 1514161504
  }
}
